# JRE version: Java(TM) SE Runtime Environment (8.0_191-b12) (build 1.8.0_191-b12)
# Java VM: Java HotSpot(TM) Client VM (25.191-b12 mixed mode windows-x86 )
Heap:
 def new generation   total 69632K, used 6649K [0x05400000, 0x09f80000, 0x0fea0000)
  eden space 61952K,  10% used [0x05400000, 0x05a7e540, 0x09080000)
  from space 7680K,   0% used [0x09080000, 0x09080000, 0x09800000)
  to   space 7680K,   0% used [0x09800000, 0x09800000, 0x09f80000)
 tenured generation   total 154528K, used 92716K [0x0fea0000, 0x19588000, 0x25400000)
   the space 154528K,  59% used [0x0fea0000, 0x1592b258, 0x1592b400, 0x19588000)
 Metaspace       used 21171K, capacity 21698K, committed 21760K, reserved 21888K
GC Heap History (10 events):
Event: 75.354 GC heap before
{Heap before GC invocations=11 (full 1):
 def new generation   total 52352K, used 3593K [0x05400000, 0x08cc0000, 0x0fea0000)
  eden space 46592K,   4% used [0x05400000, 0x055e36c8, 0x08180000)
  from space 5760K,  28% used [0x08720000, 0x088bef80, 0x08cc0000)
  to   space 5760K,   0% used [0x08180000, 0x08180000, 0x08720000)
 tenured generation   total 116164K, used 91206K [0x0fea0000, 0x17011000, 0x25400000)
   the space 116164K,  78% used [0x0fea0000, 0x157b1940, 0x157b1a00, 0x17011000)
 Metaspace       used 19960K, capacity 20432K, committed 20480K, reserved 20864K
Event: 75.799 GC heap after
Heap after GC invocations=12 (full 2):
 def new generation   total 69120K, used 0K [0x05400000, 0x09ef0000, 0x0fea0000)
  eden space 61504K,   0% used [0x05400000, 0x05400000, 0x09010000)
  from space 7616K,   0% used [0x09010000, 0x09010000, 0x09780000)
  to   space 7616K,   0% used [0x09780000, 0x09780000, 0x09ef0000)
 tenured generation   total 153320K, used 91991K [0x0fea0000, 0x1945a000, 0x25400000)
   the space 153320K,  59% used [0x0fea0000, 0x15875c38, 0x15875e00, 0x1945a000)
 Metaspace       used 19914K, capacity 20367K, committed 20480K, reserved 20864K
}
Event: 88.215 GC heap before
{Heap before GC invocations=12 (full 2):
 def new generation   total 69120K, used 36654K [0x05400000, 0x09ef0000, 0x0fea0000)
  eden space 61504K,  59% used [0x05400000, 0x077cb978, 0x09010000)
  from space 7616K,   0% used [0x09010000, 0x09010000, 0x09780000)
  to   space 7616K,   0% used [0x09780000, 0x09780000, 0x09ef0000)
 tenured generation   total 153320K, used 91991K [0x0fea0000, 0x1945a000, 0x25400000)
   the space 153320K,  59% used [0x0fea0000, 0x15875c38, 0x15875e00, 0x1945a000)
 Metaspace       used 20516K, capacity 21018K, committed 21120K, reserved 21888K
Event: 88.227 GC heap after
Heap after GC invocations=13 (full 2):
 def new generation   total 69120K, used 598K [0x05400000, 0x09ef0000, 0x0fea0000)
  eden space 61504K,   0% used [0x05400000, 0x05400000, 0x09010000)
  from space 7616K,   7% used [0x09780000, 0x09815a70, 0x09ef0000)
  to   space 7616K,   0% used [0x09010000, 0x09010000, 0x09780000)
 tenured generation   total 153320K, used 108039K [0x0fea0000, 0x1945a000, 0x25400000)
   the space 153320K,  70% used [0x0fea0000, 0x16821c48, 0x16821e00, 0x1945a000)
 Metaspace       used 20516K, capacity 21018K, committed 21120K, reserved 21888K
}
Event: 88.476 GC heap before
{Heap before GC invocations=13 (full 2):
 def new generation   total 69120K, used 62102K [0x05400000, 0x09ef0000, 0x0fea0000)
  eden space 61504K, 100% used [0x05400000, 0x09010000, 0x09010000)
  from space 7616K,   7% used [0x09780000, 0x09815a70, 0x09ef0000)
  to   space 7616K,   0% used [0x09010000, 0x09010000, 0x09780000)
 tenured generation   total 153320K, used 108039K [0x0fea0000, 0x1945a000, 0x25400000)
   the space 153320K,  70% used [0x0fea0000, 0x16821c48, 0x16821e00, 0x1945a000)
 Metaspace       used 20529K, capacity 21025K, committed 21120K, reserved 21888K
Event: 88.479 GC heap after
Heap after GC invocations=14 (full 2):
 def new generation   total 69120K, used 1211K [0x05400000, 0x09ef0000, 0x0fea0000)
  eden space 61504K,   0% used [0x05400000, 0x05400000, 0x09010000)
  from space 7616K,  15% used [0x09010000, 0x0913eed8, 0x09780000)
  to   space 7616K,   0% used [0x09780000, 0x09780000, 0x09ef0000)
 tenured generation   total 153320K, used 108039K [0x0fea0000, 0x1945a000, 0x25400000)
   the space 153320K,  70% used [0x0fea0000, 0x16821c48, 0x16821e00, 0x1945a000)
 Metaspace       used 20529K, capacity 21025K, committed 21120K, reserved 21888K
}
Event: 89.121 GC heap before
{Heap before GC invocations=14 (full 2):
 def new generation   total 69120K, used 62715K [0x05400000, 0x09ef0000, 0x0fea0000)
  eden space 61504K, 100% used [0x05400000, 0x09010000, 0x09010000)
  from space 7616K,  15% used [0x09010000, 0x0913eed8, 0x09780000)
  to   space 7616K,   0% used [0x09780000, 0x09780000, 0x09ef0000)
 tenured generation   total 153320K, used 108039K [0x0fea0000, 0x1945a000, 0x25400000)
   the space 153320K,  70% used [0x0fea0000, 0x16821c48, 0x16821e00, 0x1945a000)
 Metaspace       used 21072K, capacity 21594K, committed 21632K, reserved 21888K
Event: 89.199 GC heap after
Heap after GC invocations=15 (full 2):
 def new generation   total 69120K, used 7616K [0x05400000, 0x09ef0000, 0x0fea0000)
  eden space 61504K,   0% used [0x05400000, 0x05400000, 0x09010000)
  from space 7616K, 100% used [0x09780000, 0x09ef0000, 0x09ef0000)
  to   space 7616K,   0% used [0x09010000, 0x09010000, 0x09780000)
 tenured generation   total 153320K, used 151424K [0x0fea0000, 0x1945a000, 0x25400000)
   the space 153320K,  98% used [0x0fea0000, 0x19280240, 0x19280400, 0x1945a000)
 Metaspace       used 21072K, capacity 21594K, committed 21632K, reserved 21888K
}
Event: 326.863 GC heap before
{Heap before GC invocations=15 (full 2):
 def new generation   total 69120K, used 69021K [0x05400000, 0x09ef0000, 0x0fea0000)
  eden space 61504K,  99% used [0x05400000, 0x08ff75a8, 0x09010000)
  from space 7616K, 100% used [0x09780000, 0x09ef0000, 0x09ef0000)
  to   space 7616K,   0% used [0x09010000, 0x09010000, 0x09780000)
 tenured generation   total 153320K, used 151424K [0x0fea0000, 0x1945a000, 0x25400000)
   the space 153320K,  98% used [0x0fea0000, 0x19280240, 0x19280400, 0x1945a000)
 Metaspace       used 21180K, capacity 21713K, committed 21760K, reserved 21888K
Event: 327.452 GC heap after
Heap after GC invocations=16 (full 3):
 def new generation   total 69632K, used 0K [0x05400000, 0x09f80000, 0x0fea0000)
  eden space 61952K,   0% used [0x05400000, 0x05400000, 0x09080000)
  from space 7680K,   0% used [0x09080000, 0x09080000, 0x09800000)
  to   space 7680K,   0% used [0x09800000, 0x09800000, 0x09f80000)
 tenured generation   total 154528K, used 92716K [0x0fea0000, 0x19588000, 0x25400000)
   the space 154528K,  59% used [0x0fea0000, 0x1592b258, 0x1592b400, 0x19588000)
 Metaspace       used 21171K, capacity 21698K, committed 21760K, reserved 21888K
}

